<?xml version="1.0" encoding="UTF-8"?>
<!-- Generated by org.testng.reporters.JUnitReportReporter -->
<testsuite hostname="Confluent1" failures="0" tests="3" name="SeleniumTesting.EcommTest" time="59.647" errors="0" timestamp="2022-09-15T12:48:24 IST" skipped="0">
  <testcase classname="SeleniumTesting.EcommTest" name="ecommTest" time="28.982"/>
  <system-out/>
  <testcase classname="SeleniumTesting.EcommTest" name="ecommTest" time="30.121"/>
  <system-out/>
  <testcase classname="SeleniumTesting.EcommTest" name="orderHistoryCheck" time="0.544"/>
  <system-out/>
</testsuite> <!-- SeleniumTesting.EcommTest -->
